M	-1.33	0.602	-1.063	0.615
L	-1.345	0.521	-1.061	0.423
S	-1.621	0.667	-1.081	0.45
S	-1.522	0.447	-1.09	0.439
V	-1.704	0.237	-1.058	0.171
C	-1.812	0.102	-1.075	0.033
V	-1.884	0.282	-1.116	-0.255
W	-1.867	0.209	-1.192	-0.543
S	-1.87	0.54	-1.287	-0.743
F	-1.86	0.58	-1.386	-0.821
R	-2.024	0.583	-1.442	-0.774
G	-2.077	0.516	-1.478	-0.739
R	-2.283	0.277	-1.575	-0.788
Q	-2.351	0.205	-1.525	-1.076
G	-2.665	0.202	-1.529	-1.235
T	-2.548	-0.055	-1.567	-1.3
G	-2.925	-0.148	-1.582	-1.398
K	-2.891	-0.574	-1.548	-1.627
Q	-2.879	-0.449	-1.641	-1.503
Q	-3.063	-0.489	-1.747	-1.514
P	-3.054	-0.148	-1.594	-1.383
Q	-3.096	0.1	-1.574	-1.479
P	-3.112	0.196	-1.43	-1.554
V	-3.013	-0.203	-1.422	-1.284
P	-2.807	-0.332	-1.296	-1.356
T	-3.024	-0.365	-1.378	-1.283
P	-2.855	-0.428	-1.257	-1.457
Q	-2.852	-0.425	-1.335	-1.415
P	-2.634	-0.456	-1.396	-1.372
P	-2.708	-0.665	-1.47	-1.433
E	-2.876	-0.553	-1.662	-1.426
S	-2.936	-0.199	-1.453	-1.312
S	-2.895	-0.261	-1.495	-1.3
P	-2.901	-0.168	-1.43	-1.476
P	-2.671	-0.388	-1.347	-1.53
P	-2.717	-0.398	-1.313	-1.528
L	-2.674	-0.425	-1.303	-1.518
P	-2.769	-0.362	-1.342	-1.332
P	-2.632	-0.292	-1.312	-1.223
P	-2.622	-0.334	-1.366	-1.349
Q	-2.345	-0.215	-1.316	-1.432
Q	-2.254	-0.246	-1.381	-1.185
Q	-1.957	-0.389	-1.315	-1.124
Q	-1.672	-0.66	-1.315	-0.936
C	-1.475	-0.772	-1.185	-0.911
S	-1.603	-0.554	-1.153	-0.763
Q	-1.743	-0.753	-1.282	-0.767
P	-1.679	-0.886	-1.072	-0.51
G	-1.527	-0.752	-1.024	-0.514
T	-1.483	-0.685	-0.888	-0.569
A	-1.428	-0.934	-1.065	-0.644
A	-1.42	-1.021	-1.035	-0.661
S	-1.593	-0.947	-1.244	-0.626
P	-1.66	-1.03	-1.243	-0.446
A	-1.713	-1.087	-1.272	-0.151
G	-1.721	-1.249	-1.195	-0.469
A	-1.884	-1.118	-1.105	-0.495
P	-1.674	-0.91	-0.884	-0.407
L	-1.646	-0.847	-0.813	-0.43
S	-1.78	-0.801	-1.03	-0.653
C	-1.826	-0.535	-0.958	-0.579
G	-1.752	-0.556	-0.892	-0.718
P	-1.81	-0.457	-0.844	-0.349
G	-1.533	-0.355	-0.906	-0.436
G	-1.452	-0.499	-0.872	-0.29
R	-1.564	-0.166	-1.16	-0.209
R	-1.545	-0.278	-1.214	-0.369
A	-1.481	-0.507	-0.997	-0.485
E	-1.574	-0.449	-0.974	-0.739
P	-1.564	-0.482	-0.923	-0.723
C	-1.695	-0.596	-1.021	-0.696
P	-1.654	-0.689	-0.837	-0.787
G	-1.556	-0.793	-0.851	-0.742
L	-1.342	-0.665	-0.752	-0.908
P	-1.516	-0.541	-0.944	-1.232
A	-1.637	-0.814	-1.203	-1.156
V	-1.772	-0.951	-1.123	-1.112
A	-1.677	-0.772	-1.257	-1.077
M	-1.554	-0.725	-1.241	-1.135
G	-1.71	-0.799	-1.05	-1.295
R	-1.593	-0.642	-0.973	-1.361
H	-1.482	-0.553	-1.197	-1.597
G	-1.554	-0.168	-1.167	-1.387
G	-1.538	-0.373	-1.08	-1.558
G	-1.506	-0.425	-1.324	-1.687
G	-1.522	-0.444	-1.387	-1.644
G	-1.773	-0.612	-1.412	-1.583
D	-1.576	-0.444	-1.534	-1.733
S	-1.444	-0.335	-1.374	-2.043
G	-1.499	-0.459	-1.307	-1.923
K	-1.574	-0.224	-1.21	-1.976
I	-1.595	-0.141	-1.247	-1.876
V	-1.526	-0.075	-1.167	-1.744
I	-1.64	0.292	-1.216	-1.735
N	-1.564	0.005	-1.122	-1.963
V	-1.604	0.125	-0.999	-2.035
G	-1.658	0.356	-1.097	-1.874
G	-1.554	0.449	-1.144	-1.702
V	-1.434	0.4	-1.141	-1.691
R	-1.547	0.574	-1.338	-1.598
H	-1.487	0.398	-1.576	-1.432
E	-1.502	0.369	-1.668	-1.237
T	-1.459	0.457	-1.693	-1.067
Y	-1.818	0.513	-1.865	-0.876
R	-1.775	0.051	-1.616	-0.91
S	-1.725	-0.172	-1.584	-0.759
T	-1.679	-0.277	-1.543	-0.599
L	-1.69	-0.46	-1.459	-0.646
R	-1.602	-0.415	-1.301	-0.589
T	-1.525	-0.456	-1.086	-0.723
L	-1.369	-0.479	-1.062	-0.29
P	-1.547	-0.467	-1.078	0.053
G	-1.522	-0.418	-1.107	0.157
T	-1.304	-0.507	-1.159	-0.29
R	-1.281	-0.577	-1.232	-0.535
L	-1.182	-0.802	-1.35	-0.746
A	-1.255	-0.721	-1.362	-1.028
G	-1.324	-0.695	-1.504	-1.324
L	-1.606	-0.726	-1.373	-1.484
T	-1.834	-0.8	-1.423	-1.28
E	-1.821	-0.899	-1.341	-1.265
P	-1.602	-0.83	-1.406	-1.563
E	-1.532	-0.93	-1.332	-1.912
A	-1.458	-1.046	-1.432	-2.127
A	-1.535	-1.029	-1.255	-2.148
A	-1.61	-0.703	-1.325	-2.042
R	-1.798	-0.74	-1.425	-2.278
F	-1.902	-0.331	-1.461	-2.294
D	-1.974	-0.158	-1.383	-2.4
Y	-1.796	-0.115	-1.27	-2.397
D	-1.975	-0.432	-1.363	-2.225
P	-1.992	-0.497	-1.392	-2.212
G	-1.928	-0.559	-1.378	-2.325
T	-1.807	-0.351	-1.364	-2.347
D	-1.575	-0.316	-1.481	-2.407
E	-1.479	-0.768	-1.509	-2.426
F	-1.329	-0.648	-1.427	-2.306
F	-1.017	-0.559	-1.426	-2.247
F	-1.183	-0.74	-1.541	-2.229
D	-1.2	-0.885	-1.602	-2.137
R	-1.096	-0.951	-1.441	-2.25
H	-0.565	-0.783	-1.468	-1.972
P	-0.39	-0.889	-1.315	-1.981
G	-0.393	-1.166	-1.424	-1.94
V	-0.212	-1.199	-1.461	-1.868
F	-0.254	-0.869	-1.424	-1.802
A	-0.315	-0.974	-1.384	-1.582
Y	-0.43	-0.791	-1.293	-1.675
V	-0.457	-0.805	-1.283	-1.312
L	-0.362	-0.974	-1.244	-1.273
N	-0.49	-0.786	-1.305	-1.345
Y	-0.597	-0.961	-1.334	-1.101
Y	-0.861	-1.15	-1.323	-1.187
R	-0.963	-0.868	-1.29	-1.21
T	-0.929	-0.887	-1.2	-1.46
G	-0.735	-0.399	-1.329	-1.337
K	-0.691	-0.258	-1.382	-1.359
L	-0.849	-0.434	-1.357	-1.417
H	-0.843	-0.469	-1.33	-1.399
C	-0.7	-0.305	-1.234	-1.386
P	-0.576	-0.467	-1.223	-1.249
A	-0.658	-0.538	-1.26	-1.274
D	-0.677	-0.398	-1.279	-1.329
V	-0.564	-0.339	-1.16	-1.414
C	-0.642	-0.271	-1.25	-1.543
G	-0.698	-0.511	-1.286	-1.71
P	-0.701	-0.908	-1.419	-1.779
L	-0.77	-0.741	-1.317	-1.836
F	-0.984	-0.876	-1.193	-2.011
E	-0.978	-0.722	-1.127	-2.049
E	-1.149	-0.67	-1.047	-2.225
E	-0.978	-1.137	-0.886	-2.192
L	-0.709	-0.978	-0.869	-2.004
G	-1.063	-0.97	-0.909	-2.026
F	-0.939	-1.018	-1.052	-2.041
W	-1.012	-0.896	-1.209	-2.074
G	-0.983	-0.732	-1.262	-1.833
I	-1.142	-0.414	-1.244	-1.905
D	-1.219	-0.135	-1.537	-1.997
E	-1.47	-0.113	-1.612	-1.932
T	-1.408	-0.134	-1.496	-2.099
D	-1.511	0.144	-1.566	-1.985
V	-1.462	0.288	-1.416	-2.114
E	-1.461	0.203	-1.217	-1.855
A	-1.147	0.141	-1.159	-1.999
C	-1.268	-0.007	-1.12	-2.183
C	-1.359	0.205	-1.135	-1.94
W	-1.564	0.057	-1.197	-1.945
M	-1.68	-0.051	-1.291	-2.25
T	-1.735	-0.133	-1.402	-2.207
Y	-1.939	0.03	-1.461	-2.122
R	-2.134	0.313	-1.515	-2.316
Q	-2.094	0.174	-1.514	-1.915
H	-2.321	0.033	-1.567	-1.913
R	-2.149	-0.09	-1.596	-2.213
D	-2.19	-0.273	-1.543	-1.928
A	-2.344	-0.583	-1.537	-1.97
E	-2.39	-0.609	-1.373	-1.72
E	-2.515	-0.454	-1.334	-1.859
A	-2.488	-0.644	-1.387	-1.713
L	-2.686	-0.691	-1.565	-1.904
D	-2.887	-0.53	-1.547	-1.631
S	-2.985	-0.34	-1.576	-1.885
F	-2.877	-0.437	-1.531	-1.858
E	-2.8	-0.294	-1.575	-1.862
A	-2.589	-0.132	-1.503	-2.048
P	-2.616	-0.14	-1.57	-1.913
D	-2.469	-0.348	-1.794	-2.148
S	-2.236	0.003	-1.915	-2.606
S	-2.361	-0.122	-1.861	-2.165
A	-2.459	-0.033	-1.779	-2.36
N	-2.421	-0.047	-1.63	-2.111
A	-2.28	-0.194	-1.79	-2.336
N	-2.441	-0.361	-1.76	-2.712
A	-2.255	-0.485	-1.78	-2.939
N	-2.362	-0.406	-1.674	-2.365
A	-2.452	-0.484	-1.631	-2.46
G	-2.328	-0.608	-1.679	-2.248
G	-2.177	-0.702	-1.741	-2.159
A	-2.121	-0.771	-1.868	-2.252
H	-2.316	-0.828	-1.784	-2.216
D	-2.302	-0.611	-1.692	-1.94
A	-2.311	-0.693	-1.709	-1.905
G	-2.241	-0.662	-1.761	-2.199
L	-2.37	-0.587	-1.755	-2.204
D	-2.308	-0.494	-1.536	-1.945
D	-2.153	-0.452	-1.537	-1.952
E	-1.983	-0.248	-1.474	-1.97
A	-1.846	-0.421	-1.437	-2.24
G	-1.737	-0.195	-1.41	-2.081
A	-1.631	-0.36	-1.469	-2.162
G	-1.438	-0.282	-1.42	-2.109
G	-1.463	-0.127	-1.4	-1.826
G	-1.652	0.008	-1.45	-1.74
G	-1.501	0.009	-1.375	-1.659
L	-1.539	-0.132	-1.407	-1.694
D	-1.62	-0.216	-1.532	-1.893
G	-1.609	-0.187	-1.584	-1.797
A	-1.782	-0.293	-1.674	-1.881
G	-1.756	-0.591	-1.544	-1.754
G	-1.583	-0.47	-1.46	-1.706
E	-1.39	-0.532	-1.411	-1.532
L	-1.232	-0.658	-1.389	-1.675
K	-1.26	-0.757	-1.419	-1.534
R	-1.59	-0.937	-1.402	-1.71
L	-1.642	-1.018	-1.332	-1.537
C	-1.51	-1.292	-1.36	-1.433
F	-1.762	-1.146	-1.442	-1.526
Q	-1.867	-1.115	-1.406	-1.368
D	-1.582	-1.302	-1.249	-1.507
A	-1.565	-1.071	-1.265	-1.458
G	-1.608	-1.276	-1.284	-1.197
G	-1.677	-1.279	-1.224	-1.243
G	-1.681	-1.021	-1.181	-1.12
A	-1.489	-0.86	-1.39	-1.091
G	-1.521	-0.828	-1.394	-0.974
G	-1.498	-0.922	-1.346	-0.92
P	-1.386	-1.112	-1.36	-1.096
A	-1.437	-1.33	-1.232	-1.037
G	-1.229	-1.018	-1.256	-0.985
G	-1.365	-1.195	-1.361	-1.205
A	-1.479	-1.123	-1.37	-1.159
G	-1.469	-1.253	-1.217	-1.177
G	-1.564	-1.287	-0.911	-0.825
A	-1.696	-1.381	-0.968	-0.995
G	-1.659	-1.098	-0.941	-0.832
G	-1.931	-0.977	-0.882	-0.756
T	-1.905	-0.952	-0.931	-0.879
W	-1.929	-0.843	-0.998	-1.16
W	-1.926	-0.884	-0.985	-1.407
R	-2.062	-0.925	-1.163	-1.415
R	-1.762	-0.748	-0.958	-1.409
W	-1.752	-0.674	-0.879	-1.18
Q	-1.654	-0.55	-0.849	-1.028
P	-1.621	-0.509	-0.858	-1.113
R	-1.714	-0.401	-0.91	-0.921
V	-1.426	-0.176	-0.899	-0.873
W	-1.494	-0.097	-1.049	-0.946
A	-1.719	-0.168	-1.012	-1.111
L	-1.53	-0.154	-1.077	-1.126
F	-1.534	0.022	-1.132	-0.862
E	-1.762	0.004	-1.274	-0.814
D	-1.733	0.231	-1.323	-0.656
P	-1.647	0.279	-1.353	-0.74
Y	-1.4	-0.001	-1.546	-0.813
S	-1.083	0.226	-1.608	-0.805
S	-0.962	0.31	-1.573	-0.949
R	-0.726	0.172	-1.641	-0.827
A	-0.452	0.102	-1.585	-0.579
A	0.014	-0.169	-1.426	-0.68
R	0.134	0.229	-1.502	-0.11
Y	0.312	0.062	-1.536	-0.35
V	0.514	0.064	-1.542	0.207
A	0.702	-0.03	-1.37	0.468
F	1.137	-0.24	-1.388	0.167
A	1.041	-0.2	-1.147	0.259
S	1.233	-0.087	-1.348	0.197
L	1.407	0.129	-1.291	0.107
F	1.472	0.457	-1.446	0.237
F	1.55	0.218	-1.315	0.152
I	1.269	-0.013	-1.359	0.067
L	1.117	0.017	-1.326	0.001
I	1.18	-0.174	-1.278	-0.462
S	0.872	-0.586	-1.397	-0.708
I	1.032	-0.794	-1.339	-0.989
T	1.091	-1.002	-1.419	-1.092
T	0.949	-0.932	-1.314	-0.918
F	0.644	-0.93	-1.281	-1.128
C	0.235	-1.152	-1.457	-1.335
L	0.072	-1.284	-1.46	-1.342
E	-0.307	-1.314	-1.425	-1.476
T	-0.518	-1.246	-1.307	-1.376
H	-0.781	-1.217	-1.309	-1.577
E	-1.049	-0.952	-1.51	-1.405
G	-1.146	-0.858	-1.448	-1.337
F	-0.956	-0.562	-1.334	-1.541
I	-1.141	-0.396	-1.301	-1.688
H	-1.2	-0.365	-1.273	-1.704
I	-1.199	-0.649	-1.244	-1.657
S	-1.37	-0.993	-1.378	-1.438
N	-1.544	-1.109	-1.218	-1.487
K	-1.543	-0.774	-1.25	-1.404
T	-1.573	-0.712	-1.414	-1.543
V	-1.443	-0.818	-1.419	-1.582
T	-1.679	-0.809	-1.285	-1.366
Q	-1.554	-0.862	-1.292	-1.426
A	-1.513	-1.058	-1.34	-1.562
S	-1.565	-0.877	-1.214	-1.312
P	-1.748	-0.742	-1.251	-1.461
I	-1.969	-0.805	-1.047	-1.287
P	-1.912	-0.869	-1.231	-1.531
G	-1.871	-0.906	-1.378	-1.371
A	-1.796	-0.849	-1.542	-1.675
P	-1.914	-0.971	-1.312	-1.922
P	-1.774	-1.025	-1.227	-2.006
E	-1.513	-1.205	-1.046	-2.002
N	-1.464	-1.151	-1.145	-1.933
I	-1.375	-1.31	-1.073	-1.949
T	-1.389	-1.002	-1.031	-2.042
N	-1.374	-1.096	-0.896	-2.257
V	-1.172	-0.958	-1.059	-2.312
E	-1.162	-0.732	-1.152	-2.254
V	-0.975	-1.102	-1.011	-1.993
E	-0.964	-1.168	-1.099	-1.911
T	-0.597	-1.39	-1.058	-1.815
E	-0.735	-1.481	-1.211	-1.981
P	-0.178	-1.517	-1.427	-2.029
F	0.196	-1.35	-1.552	-1.855
L	0.459	-1.391	-1.545	-1.878
T	0.693	-1.585	-1.525	-1.858
Y	0.823	-1.692	-1.569	-1.976
V	0.868	-1.662	-1.563	-1.819
E	0.769	-1.384	-1.629	-1.743
G	0.821	-1.618	-1.519	-1.49
V	0.997	-1.69	-1.428	-1.522
C	1.093	-1.424	-1.35	-1.191
V	1.027	-1.518	-1.322	-1.418
V	1.253	-1.21	-1.221	-1.277
W	1.07	-0.8	-1.153	-1.404
F	1.158	-0.914	-1.292	-1.138
T	1.003	-0.553	-1.262	-1.022
F	0.76	-0.54	-1.335	-1.064
E	0.346	-0.509	-1.399	-1.226
F	0.36	-0.712	-1.421	-1.414
L	0.336	-0.609	-1.459	-1.397
M	0.273	-0.64	-1.53	-1.299
R	0.005	-0.786	-1.431	-0.984
V	-0.239	-0.832	-1.467	-0.829
T	-0.49	-1.066	-1.408	-0.745
F	-0.707	-1.015	-1.459	-0.844
C	-0.703	-0.937	-1.451	-0.779
P	-0.832	-0.845	-1.31	-0.815
D	-0.884	-0.901	-1.412	-1.114
K	-0.753	-0.915	-1.332	-1.075
V	-0.724	-1.029	-1.26	-1.162
E	-0.816	-0.622	-1.336	-0.999
F	-0.538	-0.647	-1.407	-1.058
L	-0.67	-1.047	-1.607	-1.092
K	-0.541	-0.988	-1.485	-1.152
S	-0.436	-1.002	-1.426	-1.291
S	0.067	-0.782	-1.473	-1.463
L	0.173	-0.852	-1.473	-1.207
N	0.295	-0.718	-1.571	-1.071
I	0.467	-0.541	-1.633	-1.024
I	0.599	-0.744	-1.749	-0.958
D	0.468	-0.642	-1.704	-1.033
C	0.49	-0.697	-1.669	-0.705
V	0.616	-0.987	-1.396	-0.808
A	0.683	-0.919	-1.563	-0.974
I	0.887	-0.535	-1.544	-0.642
L	0.816	-0.419	-1.504	-0.273
P	0.783	-0.64	-1.575	-0.545
F	0.507	-0.579	-1.527	-0.439
Y	0.314	-0.481	-1.49	-0.253
L	0.13	-0.559	-1.42	-0.389
E	-0.051	-0.235	-1.495	-0.908
V	-0.239	-0.252	-1.548	-1.108
G	-0.738	-0.156	-1.52	-1.082
L	-0.558	-0.286	-1.477	-1.008
S	-0.792	-0.266	-1.562	-0.913
G	-0.766	-0.229	-1.423	-0.868
L	-0.565	-0.229	-1.415	-0.78
S	-0.928	-0.258	-1.535	-0.824
S	-1.029	0.015	-1.433	-0.897
K	-0.8	0.01	-1.504	-0.882
A	-0.732	-0.12	-1.497	-1.017
A	-0.326	0.022	-1.563	-1.04
K	-0.043	-0.107	-1.509	-0.972
D	-0.226	-0.013	-1.401	-1.076
V	-0.127	0.227	-1.477	-0.94
L	-0.107	0.339	-1.446	-0.794
G	-0.07	0.33	-1.563	-0.979
F	-0.142	0.303	-1.546	-1.179
L	-0.081	0.384	-1.486	-1.081
R	-0.044	0.447	-1.628	-1.135
V	0.047	0.739	-1.56	-1.153
V	-0.163	1.071	-1.579	-1.047
R	-0.192	0.879	-1.635	-1.063
F	-0.233	0.681	-1.533	-1.488
V	-0.119	1.089	-1.446	-1.308
R	-0.162	0.95	-1.574	-1.293
I	-0.171	0.849	-1.491	-1.341
L	-0.048	0.416	-1.475	-1.243
R	-0.176	0.124	-1.53	-1.095
I	-0.119	0.131	-1.594	-0.967
F	-0.158	0.235	-1.605	-0.739
K	-0.271	0.362	-1.708	-0.89
L	-0.344	-0.176	-1.696	-0.852
T	-0.364	0.014	-1.703	-0.989
R	-0.427	0.146	-1.781	-0.887
H	-0.445	0.191	-1.789	-0.582
F	-0.389	0.45	-1.71	-0.493
V	-0.233	0.581	-1.726	-0.383
G	-0.202	0.693	-1.872	-0.263
L	-0.247	0.655	-1.747	-0.646
R	-0.339	0.673	-1.759	-0.859
V	-0.4	0.579	-1.596	-0.741
L	-0.411	0.765	-1.628	-0.779
G	-0.431	0.801	-1.537	-0.646
H	-0.661	0.508	-1.553	-0.668
T	-0.589	0.733	-1.561	-0.662
L	-0.369	0.507	-1.695	-0.752
R	-0.422	0.245	-1.76	-0.714
A	-0.58	0.13	-1.574	-0.719
S	-0.238	0.058	-1.698	-0.674
T	0.007	0.136	-1.62	-0.509
N	-0.12	0.537	-1.612	-0.42
E	0.182	0.076	-1.769	-0.481
F	0.628	0.144	-1.716	-0.384
L	1.378	0.226	-1.672	-0.651
L	1.74	0.145	-1.601	-0.161
L	2.005	-0.011	-1.6	-0.016
I	2.064	0.145	-1.676	-0.279
I	2.144	-0.129	-1.773	-0.424
F	2.074	0.166	-1.881	-0.394
L	1.988	0.423	-1.971	-0.759
A	1.932	0.59	-1.782	-0.698
L	1.946	0.331	-1.916	-0.931
G	1.915	0.103	-1.974	-0.893
V	1.779	0.077	-1.908	-1.16
L	1.664	-0.079	-1.94	-1.169
I	1.639	0.028	-1.991	-0.673
F	1.632	-0.181	-1.97	-0.846
A	1.478	-0.566	-1.813	-1.334
T	0.943	-0.77	-1.729	-1.234
M	0.83	-0.902	-1.599	-1.476
I	0.593	-0.513	-1.679	-1.513
Y	0.052	-0.463	-1.652	-1.478
Y	-0.396	-0.486	-1.687	-1.239
A	-0.642	-1.115	-1.651	-1.273
E	-0.849	-1.427	-1.727	-1.45
R	-1.04	-1.405	-1.569	-1.736
I	-1.002	-1.136	-1.555	-1.673
G	-1.309	-1	-1.576	-1.738
A	-1.634	-0.578	-1.559	-1.759
D	-1.78	-0.449	-1.507	-1.851
P	-1.688	-0.307	-1.465	-2.219
D	-1.636	-0.169	-1.518	-2.407
D	-1.505	-0.415	-1.481	-2.342
I	-1.428	-0.379	-1.402	-2.177
L	-1.235	-0.37	-1.492	-2.122
G	-1.355	-0.268	-1.48	-2.128
S	-1.459	-0.328	-1.507	-2.266
N	-1.441	-0.695	-1.623	-2.208
H	-1.433	-0.456	-1.657	-1.857
T	-1.066	-0.382	-1.604	-1.886
Y	-0.938	-0.286	-1.655	-1.668
F	-0.781	-0.298	-1.71	-1.442
K	-0.684	-0.344	-1.844	-1.301
N	-0.436	-0.928	-1.713	-1.105
I	-0.036	-0.861	-1.337	-1.036
P	0.256	-0.853	-0.918	-0.92
I	0.115	-0.908	-0.649	-0.649
G	0.067	-0.962	-0.565	-0.71
F	0.039	-0.962	-0.41	-0.759
W	0.173	-0.933	-0.6	-0.899
W	0.125	-1.08	-0.52	-0.977
A	0.099	-1.188	-0.603	-1.281
V	0.115	-0.986	-0.485	-1.189
V	0.245	-1.165	-0.473	-0.987
T	0.104	-1.626	-0.539	-0.749
M	0.127	-1.692	-0.635	-1.027
T	-0.127	-2.012	-0.579	-0.824
T	-0.407	-1.881	-0.673	-0.895
L	-0.292	-1.631	-0.734	-1.035
G	-0.65	-1.503	-0.762	-1.183
Y	-0.561	-1.319	-0.511	-0.892
G	-0.612	-1.457	-0.678	-0.73
D	-1.017	-1.375	-0.823	-0.351
M	-1.088	-1.265	-0.89	-0.737
Y	-0.976	-1.193	-0.894	-0.796
P	-0.983	-1.376	-0.896	-0.619
K	-0.94	-1.424	-1.54	-0.574
T	-0.671	-1.381	-1.457	-0.291
W	-0.226	-0.946	-1.151	-0.409
S	0.25	-0.83	-1.097	-0.522
G	0.458	-0.929	-1.169	-0.543
M	0.846	-1.023	-1.099	-0.01
L	1.011	-0.998	-0.98	-0.329
V	0.965	-1.199	-0.872	-0.007
G	0.809	-1.233	-0.981	-0.011
A	1.105	-1.323	-0.992	0.021
L	1.123	-1.196	-0.888	0.143
C	1.08	-1.06	-0.953	0.084
A	1.088	-1.022	-1.081	-0.004
L	1.197	-1.243	-1.183	-0.046
A	1.106	-1.512	-1.133	-0.18
G	0.926	-1.391	-1.088	-1.024
V	0.956	-1.465	-1.097	-1.896
L	0.58	-1.419	-1.106	-2.188
T	0.485	-1.511	-1.17	-2.402
I	0.251	-1.211	-1.123	-2.635
A	0.011	-0.73	-1.071	-2.819
M	-0.121	-0.46	-1.08	-2.97
P	-0.177	-0.548	-1.005	-3.088
V	0.328	-0.751	-1.007	-3.181
P	-0.448	-0.802	-0.969	-3.265
V	-0.373	-0.914	-1.074	-3.32
I	-0.579	-0.749	-1.001	-3.349
V	-0.927	-0.834	-1.059	-3.38
